
2024-12-21 13:12:26,483 - INFO - Processing song: Silakemo Sreeram
2024-12-21 13:12:26,483 - INFO - Processed song successfully: Silakemo Sreeram
2024-12-21 13:12:26,483 - INFO - Processing song: Andala Chukkala Mallikarjun
2024-12-21 13:12:26,483 - INFO - Processed song successfully: Andala Chukkala Mallikarjun
2024-12-21 13:12:26,483 - INFO - Processing song: Maar Maar Manikka Vinayagam
2024-12-21 13:12:26,483 - INFO - Processed song successfully: Maar Maar Manikka Vinayagam
2024-12-21 13:12:26,483 - INFO - Processing song: O Manasa Venu Srirangam
2024-12-21 13:12:26,483 - INFO - Processed song successfully: O Manasa Venu Srirangam
2024-12-21 13:12:26,483 - INFO - Processing song: Anaganaga Kadala Karthik
2024-12-21 13:12:26,483 - INFO - Processed song successfully: Anaganaga Kadala Karthik
2024-12-21 13:12:26,483 - INFO - Processing song: Gongoora Thota Pushpavanam Kuppu Swamy
2024-12-21 13:12:26,483 - INFO - Processed song successfully: Gongoora Thota Pushpavanam Kuppu Swamy
2024-12-21 13:15:37,239 - INFO - Authenticating with Spotify...
2024-12-21 13:15:37,239 - INFO - Fetching songs from Spotify album...
2024-12-21 13:15:37,455 - INFO - Processing song: Silakemo Sreeram
2024-12-21 13:15:37,455 - INFO - Processed song successfully: Silakemo Sreeram
2024-12-21 13:15:37,455 - INFO - Processing song: Andala Chukkala Mallikarjun
2024-12-21 13:15:37,455 - INFO - Processed song successfully: Andala Chukkala Mallikarjun
2024-12-21 13:15:37,455 - INFO - Processing song: Maar Maar Manikka Vinayagam
2024-12-21 13:15:37,455 - INFO - Processed song successfully: Maar Maar Manikka Vinayagam
2024-12-21 13:15:37,455 - INFO - Processing song: O Manasa Venu Srirangam
2024-12-21 13:15:37,455 - INFO - Processed song successfully: O Manasa Venu Srirangam
2024-12-21 13:15:37,455 - INFO - Processing song: Anaganaga Kadala Karthik
2024-12-21 13:15:37,465 - INFO - Processed song successfully: Anaganaga Kadala Karthik
2024-12-21 13:15:37,465 - INFO - Processing song: Gongoora Thota Pushpavanam Kuppu Swamy
2024-12-21 13:15:37,465 - INFO - Processed song successfully: Gongoora Thota Pushpavanam Kuppu Swamy
2024-12-21 13:16:22,647 - INFO - Authenticating with Spotify...
2024-12-21 13:16:22,647 - INFO - Fetching songs from Spotify album...
2024-12-21 13:16:22,852 - INFO - Processing song: Silakemo Sreeram
2024-12-21 13:16:22,852 - INFO - Processed song successfully: Silakemo Sreeram
2024-12-21 13:16:22,852 - INFO - Processing song: Andala Chukkala Mallikarjun
2024-12-21 13:16:22,852 - INFO - Processed song successfully: Andala Chukkala Mallikarjun
2024-12-21 13:16:22,852 - INFO - Processing song: Maar Maar Manikka Vinayagam
2024-12-21 13:16:22,852 - INFO - Processed song successfully: Maar Maar Manikka Vinayagam
2024-12-21 13:16:22,852 - INFO - Processing song: O Manasa Venu Srirangam
2024-12-21 13:16:22,852 - INFO - Processed song successfully: O Manasa Venu Srirangam
2024-12-21 13:16:22,852 - INFO - Processing song: Anaganaga Kadala Karthik
2024-12-21 13:16:22,852 - INFO - Processed song successfully: Anaganaga Kadala Karthik
2024-12-21 13:16:22,852 - INFO - Processing song: Gongoora Thota Pushpavanam Kuppu Swamy
2024-12-21 13:16:22,852 - INFO - Processed song successfully: Gongoora Thota Pushpavanam Kuppu Swamy
